---------------------------------------------------------------
[ 2018-01-05T18:38:39+08:00 ] 127.0.0.1 127.0.0.1 GET /08btwo/admin/public/
[ info ] www.localhost.com/08btwo/admin/public/ [运行时间：2.878234s][吞吐率：0.35req/s] [内存消耗：1,510.25kb] [文件加载：48]
[ info ] [ LANG ] D:\phpStudy\WWW\08btwo\admin\thinkphp\lang\zh-cn.php
[ info ] [ ROUTE ] array (
  'type' => 'module',
  'module' => 
  array (
    0 => '',
    1 => NULL,
    2 => NULL,
  ),
)
[ info ] [ HEADER ] array (
  'upgrade-insecure-requests' => '1',
  'connection' => 'close',
  'cookie' => 'pgv_pvi=4597354496; XSRF-TOKEN=eyJpdiI6InMrYXZPTlJwUU9MOXN6TDU5bTFqUnc9PSIsInZhbHVlIjoiRVhURzZ0Yjd1TVZCQTJRc3UrZFQyR3RxOU9qZ3laWEgyZFg0TGFvWWVcL2FZWFF3ZXlZc0IwckNZZkxGd2lpN21rcVVkMVRHam81SUJRWVJnQTJzaWx3PT0iLCJtYWMiOiIzZWQ2ZWFkYTM3OTkyZGFiODBlMjU2NzI0NDQ4NTM0MjRmMDJhOGIyMTI1ZGU2NmEzZmQ0ZWY1MDU2NWJjYmFiIn0%3D; laravel_session=eyJpdiI6IjRcL2c4U0UzRlY4Zm5LbzhBNGF5WUFBPT0iLCJ2YWx1ZSI6InJkdE54ZHhJa0xcL2hPTk5EQzZPTGVcLzRwRDREaFZBVU4xWG04YjZ5T0pPZ1UrZHVwdmRaYkNQa0V5SGNhOTBkVUYyS3c4a1o0THdNY3E2RTUzSlRTUVE9PSIsIm1hYyI6ImEwYzc1Y2NhM2QxODU0ZWRjZThjNDUyM2JmMjk5MWMyYTkxNjdjZWVmZjJkZTY1N2ViOTdkMjA1NmVkMWMyYzYifQ%3D%3D',
  'referer' => 'http://www.localhost.com/08btwo/admin/',
  'accept-encoding' => 'gzip, deflate',
  'accept-language' => 'zh-CN,zh;q=0.8,zh-TW;q=0.7,zh-HK;q=0.5,en-US;q=0.3,en;q=0.2',
  'accept' => 'text/html,application/xhtml+xml,application/xml;q=0.9,*/*;q=0.8',
  'user-agent' => 'Mozilla/5.0 (Windows NT 10.0; Win64; x64; rv:57.0) Gecko/20100101 Firefox/57.0',
  'host' => 'www.localhost.com',
)
[ info ] [ PARAM ] array (
)
[ info ] [ RUN ] app\index\controller\Index->index[ D:\phpStudy\WWW\08btwo\admin\application\index\controller\Index.php ]
[ info ] [ VIEW ] D:\phpStudy\WWW\08btwo\admin\public/../application/index\view\index\index.html [ array (
) ]
[ info ] [ LOG ] INIT File
---------------------------------------------------------------
[ 2018-01-05T18:38:57+08:00 ] 127.0.0.1 127.0.0.1 GET /08btwo/admin/public/
[ info ] 127.0.0.1/08btwo/admin/public/ [运行时间：0.025374s][吞吐率：39.41req/s] [内存消耗：1,384.82kb] [文件加载：46]
[ info ] [ LANG ] D:\phpStudy\WWW\08btwo\admin\thinkphp\lang\zh-cn.php
[ info ] [ ROUTE ] array (
  'type' => 'module',
  'module' => 
  array (
    0 => '',
    1 => NULL,
    2 => NULL,
  ),
)
[ info ] [ HEADER ] array (
  'upgrade-insecure-requests' => '1',
  'connection' => 'close',
  'cookie' => 'Hm_lvt_7b1919221e89d2aa5711e4deb935debd=1507781173',
  'accept-encoding' => 'gzip, deflate',
  'accept-language' => 'zh-CN,zh;q=0.8,zh-TW;q=0.7,zh-HK;q=0.5,en-US;q=0.3,en;q=0.2',
  'accept' => 'text/html,application/xhtml+xml,application/xml;q=0.9,*/*;q=0.8',
  'user-agent' => 'Mozilla/5.0 (Windows NT 10.0; Win64; x64; rv:57.0) Gecko/20100101 Firefox/57.0',
  'host' => '127.0.0.1',
)
[ info ] [ PARAM ] array (
)
[ info ] [ RUN ] app\index\controller\Index->index[ D:\phpStudy\WWW\08btwo\admin\application\index\controller\Index.php ]
[ info ] [ VIEW ] D:\phpStudy\WWW\08btwo\admin\public/../application/index\view\index\index.html [ array (
) ]
[ info ] [ LOG ] INIT File
---------------------------------------------------------------
[ 2018-01-05T18:39:01+08:00 ] 127.0.0.1 127.0.0.1 GET /08btwo/admin/public/
[ info ] 127.0.0.1/08btwo/admin/public/ [运行时间：0.026749s][吞吐率：37.38req/s] [内存消耗：1,384.82kb] [文件加载：46]
[ info ] [ LANG ] D:\phpStudy\WWW\08btwo\admin\thinkphp\lang\zh-cn.php
[ info ] [ ROUTE ] array (
  'type' => 'module',
  'module' => 
  array (
    0 => '',
    1 => NULL,
    2 => NULL,
  ),
)
[ info ] [ HEADER ] array (
  'upgrade-insecure-requests' => '1',
  'connection' => 'close',
  'cookie' => 'Hm_lvt_7b1919221e89d2aa5711e4deb935debd=1507781173',
  'accept-encoding' => 'gzip, deflate',
  'accept-language' => 'zh-CN,zh;q=0.8,zh-TW;q=0.7,zh-HK;q=0.5,en-US;q=0.3,en;q=0.2',
  'accept' => 'text/html,application/xhtml+xml,application/xml;q=0.9,*/*;q=0.8',
  'user-agent' => 'Mozilla/5.0 (Windows NT 10.0; Win64; x64; rv:57.0) Gecko/20100101 Firefox/57.0',
  'host' => '127.0.0.1',
)
[ info ] [ PARAM ] array (
)
[ info ] [ RUN ] app\index\controller\Index->index[ D:\phpStudy\WWW\08btwo\admin\application\index\controller\Index.php ]
[ info ] [ VIEW ] D:\phpStudy\WWW\08btwo\admin\public/../application/index\view\index\index.html [ array (
) ]
[ info ] [ LOG ] INIT File
---------------------------------------------------------------
[ 2018-01-05T18:39:05+08:00 ] 127.0.0.1 127.0.0.1 GET /08btwo/admin/public/
[ info ] 127.0.0.1/08btwo/admin/public/ [运行时间：0.021207s][吞吐率：47.15req/s] [内存消耗：1,384.82kb] [文件加载：46]
[ info ] [ LANG ] D:\phpStudy\WWW\08btwo\admin\thinkphp\lang\zh-cn.php
[ info ] [ ROUTE ] array (
  'type' => 'module',
  'module' => 
  array (
    0 => '',
    1 => NULL,
    2 => NULL,
  ),
)
[ info ] [ HEADER ] array (
  'upgrade-insecure-requests' => '1',
  'connection' => 'close',
  'cookie' => 'Hm_lvt_7b1919221e89d2aa5711e4deb935debd=1507781173',
  'accept-encoding' => 'gzip, deflate',
  'accept-language' => 'zh-CN,zh;q=0.8,zh-TW;q=0.7,zh-HK;q=0.5,en-US;q=0.3,en;q=0.2',
  'accept' => 'text/html,application/xhtml+xml,application/xml;q=0.9,*/*;q=0.8',
  'user-agent' => 'Mozilla/5.0 (Windows NT 10.0; Win64; x64; rv:57.0) Gecko/20100101 Firefox/57.0',
  'host' => '127.0.0.1',
)
[ info ] [ PARAM ] array (
)
[ info ] [ RUN ] app\index\controller\Index->index[ D:\phpStudy\WWW\08btwo\admin\application\index\controller\Index.php ]
[ info ] [ VIEW ] D:\phpStudy\WWW\08btwo\admin\public/../application/index\view\index\index.html [ array (
) ]
[ info ] [ LOG ] INIT File
---------------------------------------------------------------
[ 2018-01-05T18:39:06+08:00 ] 127.0.0.1 127.0.0.1 GET /08btwo/admin/public/
[ info ] 127.0.0.1/08btwo/admin/public/ [运行时间：0.025067s][吞吐率：39.89req/s] [内存消耗：1,384.82kb] [文件加载：46]
[ info ] [ LANG ] D:\phpStudy\WWW\08btwo\admin\thinkphp\lang\zh-cn.php
[ info ] [ ROUTE ] array (
  'type' => 'module',
  'module' => 
  array (
    0 => '',
    1 => NULL,
    2 => NULL,
  ),
)
[ info ] [ HEADER ] array (
  'upgrade-insecure-requests' => '1',
  'connection' => 'close',
  'cookie' => 'Hm_lvt_7b1919221e89d2aa5711e4deb935debd=1507781173',
  'accept-encoding' => 'gzip, deflate',
  'accept-language' => 'zh-CN,zh;q=0.8,zh-TW;q=0.7,zh-HK;q=0.5,en-US;q=0.3,en;q=0.2',
  'accept' => 'text/html,application/xhtml+xml,application/xml;q=0.9,*/*;q=0.8',
  'user-agent' => 'Mozilla/5.0 (Windows NT 10.0; Win64; x64; rv:57.0) Gecko/20100101 Firefox/57.0',
  'host' => '127.0.0.1',
)
[ info ] [ PARAM ] array (
)
[ info ] [ RUN ] app\index\controller\Index->index[ D:\phpStudy\WWW\08btwo\admin\application\index\controller\Index.php ]
[ info ] [ VIEW ] D:\phpStudy\WWW\08btwo\admin\public/../application/index\view\index\index.html [ array (
) ]
[ info ] [ LOG ] INIT File
---------------------------------------------------------------
[ 2018-01-05T18:39:18+08:00 ] 127.0.0.1 127.0.0.1 GET /08btwo/admin/public/
[ info ] 127.0.0.1/08btwo/admin/public/ [运行时间：0.022595s][吞吐率：44.26req/s] [内存消耗：1,385.22kb] [文件加载：46]
[ info ] [ LANG ] D:\phpStudy\WWW\08btwo\admin\thinkphp\lang\zh-cn.php
[ info ] [ ROUTE ] array (
  'type' => 'module',
  'module' => 
  array (
    0 => '',
    1 => NULL,
    2 => NULL,
  ),
)
[ info ] [ HEADER ] array (
  'upgrade-insecure-requests' => '1',
  'connection' => 'close',
  'cookie' => 'Hm_lvt_7b1919221e89d2aa5711e4deb935debd=1507781173',
  'referer' => 'http://127.0.0.1/08btwo/admin/',
  'accept-encoding' => 'gzip, deflate',
  'accept-language' => 'zh-CN,zh;q=0.8,zh-TW;q=0.7,zh-HK;q=0.5,en-US;q=0.3,en;q=0.2',
  'accept' => 'text/html,application/xhtml+xml,application/xml;q=0.9,*/*;q=0.8',
  'user-agent' => 'Mozilla/5.0 (Windows NT 10.0; Win64; x64; rv:57.0) Gecko/20100101 Firefox/57.0',
  'host' => '127.0.0.1',
)
[ info ] [ PARAM ] array (
)
[ info ] [ RUN ] app\index\controller\Index->index[ D:\phpStudy\WWW\08btwo\admin\application\index\controller\Index.php ]
[ info ] [ VIEW ] D:\phpStudy\WWW\08btwo\admin\public/../application/index\view\index\index.html [ array (
) ]
[ info ] [ LOG ] INIT File
---------------------------------------------------------------
[ 2018-01-05T18:42:03+08:00 ] 127.0.0.1 127.0.0.1 GET /sugoo/admin/public/
[ info ] 127.0.0.1/sugoo/admin/public/ [运行时间：2.411545s][吞吐率：0.41req/s] [内存消耗：1,507.04kb] [文件加载：48]
[ info ] [ LANG ] D:\phpStudy\WWW\sugoo\admin\thinkphp\lang\zh-cn.php
[ info ] [ ROUTE ] array (
  'type' => 'module',
  'module' => 
  array (
    0 => '',
    1 => NULL,
    2 => NULL,
  ),
)
[ info ] [ HEADER ] array (
  'upgrade-insecure-requests' => '1',
  'connection' => 'close',
  'cookie' => 'Hm_lvt_7b1919221e89d2aa5711e4deb935debd=1507781173',
  'accept-encoding' => 'gzip, deflate',
  'accept-language' => 'zh-CN,zh;q=0.8,zh-TW;q=0.7,zh-HK;q=0.5,en-US;q=0.3,en;q=0.2',
  'accept' => 'text/html,application/xhtml+xml,application/xml;q=0.9,*/*;q=0.8',
  'user-agent' => 'Mozilla/5.0 (Windows NT 10.0; Win64; x64; rv:57.0) Gecko/20100101 Firefox/57.0',
  'host' => '127.0.0.1',
)
[ info ] [ PARAM ] array (
)
[ info ] [ RUN ] app\index\controller\Index->index[ D:\phpStudy\WWW\sugoo\admin\application\index\controller\Index.php ]
[ info ] [ VIEW ] D:\phpStudy\WWW\sugoo\admin\public/../application/index\view\index\index.html [ array (
) ]
[ info ] [ LOG ] INIT File
---------------------------------------------------------------
[ 2018-01-05T18:42:16+08:00 ] 127.0.0.1 127.0.0.1 GET /sugoo/admin/public/index/order/index.html
[ info ] 127.0.0.1/sugoo/admin/public/index/order/index.html [运行时间：0.114241s][吞吐率：8.75req/s] [内存消耗：1,530.16kb] [文件加载：48]
[ info ] [ LANG ] D:\phpStudy\WWW\sugoo\admin\thinkphp\lang\zh-cn.php
[ info ] [ ROUTE ] array (
  'type' => 'module',
  'module' => 
  array (
    0 => 'index',
    1 => 'order',
    2 => 'index',
  ),
)
[ info ] [ HEADER ] array (
  'upgrade-insecure-requests' => '1',
  'connection' => 'close',
  'cookie' => 'Hm_lvt_7b1919221e89d2aa5711e4deb935debd=1507781173',
  'referer' => 'http://127.0.0.1/sugoo/admin/public/',
  'accept-encoding' => 'gzip, deflate',
  'accept-language' => 'zh-CN,zh;q=0.8,zh-TW;q=0.7,zh-HK;q=0.5,en-US;q=0.3,en;q=0.2',
  'accept' => 'text/html,application/xhtml+xml,application/xml;q=0.9,*/*;q=0.8',
  'user-agent' => 'Mozilla/5.0 (Windows NT 10.0; Win64; x64; rv:57.0) Gecko/20100101 Firefox/57.0',
  'host' => '127.0.0.1',
)
[ info ] [ PARAM ] array (
)
[ info ] [ RUN ] app\index\controller\Order->index[ D:\phpStudy\WWW\sugoo\admin\application\index\controller\Order.php ]
[ info ] [ VIEW ] D:\phpStudy\WWW\sugoo\admin\public/../application/index\view\order\order.html [ array (
) ]
[ info ] [ LOG ] INIT File
---------------------------------------------------------------
[ 2018-01-05T18:42:36+08:00 ] 127.0.0.1 127.0.0.1 GET /sugoo/admin/public/index/logistics/index.html
[ info ] 127.0.0.1/sugoo/admin/public/index/logistics/index.html [运行时间：0.334557s][吞吐率：2.99req/s] [内存消耗：1,515.82kb] [文件加载：48]
[ info ] [ LANG ] D:\phpStudy\WWW\sugoo\admin\thinkphp\lang\zh-cn.php
[ info ] [ ROUTE ] array (
  'type' => 'module',
  'module' => 
  array (
    0 => 'index',
    1 => 'logistics',
    2 => 'index',
  ),
)
[ info ] [ HEADER ] array (
  'upgrade-insecure-requests' => '1',
  'connection' => 'close',
  'cookie' => 'Hm_lvt_7b1919221e89d2aa5711e4deb935debd=1507781173',
  'referer' => 'http://127.0.0.1/sugoo/admin/public/index/order/index.html',
  'accept-encoding' => 'gzip, deflate',
  'accept-language' => 'zh-CN,zh;q=0.8,zh-TW;q=0.7,zh-HK;q=0.5,en-US;q=0.3,en;q=0.2',
  'accept' => 'text/html,application/xhtml+xml,application/xml;q=0.9,*/*;q=0.8',
  'user-agent' => 'Mozilla/5.0 (Windows NT 10.0; Win64; x64; rv:57.0) Gecko/20100101 Firefox/57.0',
  'host' => '127.0.0.1',
)
[ info ] [ PARAM ] array (
)
[ info ] [ RUN ] app\index\controller\Logistics->index[ D:\phpStudy\WWW\sugoo\admin\application\index\controller\Logistics.php ]
[ info ] [ VIEW ] D:\phpStudy\WWW\sugoo\admin\public/../application/index\view\logistics\logistics.html [ array (
) ]
[ info ] [ LOG ] INIT File
---------------------------------------------------------------
[ 2018-01-05T18:42:37+08:00 ] 127.0.0.1 127.0.0.1 GET /sugoo/admin/public/index/logistics/js/kindeditor/themes/default/default.css
[ info ] 127.0.0.1/sugoo/admin/public/index/logistics/js/kindeditor/themes/default/default.css [运行时间：1.076268s][吞吐率：0.93req/s] [内存消耗：1,364.64kb] [文件加载：47]
[ info ] [ LANG ] D:\phpStudy\WWW\sugoo\admin\thinkphp\lang\zh-cn.php
[ info ] [ ROUTE ] array (
  'type' => 'module',
  'module' => 
  array (
    0 => 'index',
    1 => 'logistics',
    2 => 'js',
  ),
)
[ info ] [ HEADER ] array (
  'connection' => 'close',
  'cookie' => 'Hm_lvt_7b1919221e89d2aa5711e4deb935debd=1507781173',
  'referer' => 'http://127.0.0.1/sugoo/admin/public/index/logistics/index.html',
  'accept-encoding' => 'gzip, deflate',
  'accept-language' => 'zh-CN,zh;q=0.8,zh-TW;q=0.7,zh-HK;q=0.5,en-US;q=0.3,en;q=0.2',
  'accept' => 'text/css,*/*;q=0.1',
  'user-agent' => 'Mozilla/5.0 (Windows NT 10.0; Win64; x64; rv:57.0) Gecko/20100101 Firefox/57.0',
  'host' => '127.0.0.1',
)
[ info ] [ PARAM ] array (
  'kindeditor' => 'themes',
  'default' => 'default.css',
)
[ info ] [ LOG ] INIT File
---------------------------------------------------------------
[ 2018-01-05T18:42:37+08:00 ] 127.0.0.1 127.0.0.1 GET /sugoo/admin/public/index/logistics/js/kindeditor/lang/zh_CN.js
[ info ] 127.0.0.1/sugoo/admin/public/index/logistics/js/kindeditor/lang/zh_CN.js [运行时间：0.026760s][吞吐率：37.37req/s] [内存消耗：1,364.29kb] [文件加载：47]
[ info ] [ LANG ] D:\phpStudy\WWW\sugoo\admin\thinkphp\lang\zh-cn.php
[ info ] [ ROUTE ] array (
  'type' => 'module',
  'module' => 
  array (
    0 => 'index',
    1 => 'logistics',
    2 => 'js',
  ),
)
[ info ] [ HEADER ] array (
  'connection' => 'close',
  'cookie' => 'Hm_lvt_7b1919221e89d2aa5711e4deb935debd=1507781173',
  'referer' => 'http://127.0.0.1/sugoo/admin/public/index/logistics/index.html',
  'accept-encoding' => 'gzip, deflate',
  'accept-language' => 'zh-CN,zh;q=0.8,zh-TW;q=0.7,zh-HK;q=0.5,en-US;q=0.3,en;q=0.2',
  'accept' => '*/*',
  'user-agent' => 'Mozilla/5.0 (Windows NT 10.0; Win64; x64; rv:57.0) Gecko/20100101 Firefox/57.0',
  'host' => '127.0.0.1',
)
[ info ] [ PARAM ] array (
  'kindeditor' => 'lang',
)
[ info ] [ LOG ] INIT File
---------------------------------------------------------------
[ 2018-01-05T18:42:38+08:00 ] 127.0.0.1 127.0.0.1 GET /sugoo/admin/public/index/logistics/js/kindeditor/plugins/code/prettify.js
[ info ] 127.0.0.1/sugoo/admin/public/index/logistics/js/kindeditor/plugins/code/prettify.js [运行时间：0.027331s][吞吐率：36.59req/s] [内存消耗：1,364.58kb] [文件加载：47]
[ info ] [ LANG ] D:\phpStudy\WWW\sugoo\admin\thinkphp\lang\zh-cn.php
[ info ] [ ROUTE ] array (
  'type' => 'module',
  'module' => 
  array (
    0 => 'index',
    1 => 'logistics',
    2 => 'js',
  ),
)
[ info ] [ HEADER ] array (
  'connection' => 'close',
  'cookie' => 'Hm_lvt_7b1919221e89d2aa5711e4deb935debd=1507781173',
  'referer' => 'http://127.0.0.1/sugoo/admin/public/index/logistics/index.html',
  'accept-encoding' => 'gzip, deflate',
  'accept-language' => 'zh-CN,zh;q=0.8,zh-TW;q=0.7,zh-HK;q=0.5,en-US;q=0.3,en;q=0.2',
  'accept' => '*/*',
  'user-agent' => 'Mozilla/5.0 (Windows NT 10.0; Win64; x64; rv:57.0) Gecko/20100101 Firefox/57.0',
  'host' => '127.0.0.1',
)
[ info ] [ PARAM ] array (
  'kindeditor' => 'plugins',
  'code' => 'prettify.js',
)
[ info ] [ LOG ] INIT File
---------------------------------------------------------------
[ 2018-01-05T18:42:41+08:00 ] 127.0.0.1 127.0.0.1 GET /sugoo/admin/public/index/logistics/js/kindeditor/kindeditor.js
[ info ] 127.0.0.1/sugoo/admin/public/index/logistics/js/kindeditor/kindeditor.js [运行时间：0.077351s][吞吐率：12.93req/s] [内存消耗：1,364.24kb] [文件加载：47]
[ info ] [ LANG ] D:\phpStudy\WWW\sugoo\admin\thinkphp\lang\zh-cn.php
[ info ] [ ROUTE ] array (
  'type' => 'module',
  'module' => 
  array (
    0 => 'index',
    1 => 'logistics',
    2 => 'js',
  ),
)
[ info ] [ HEADER ] array (
  'connection' => 'close',
  'cookie' => 'Hm_lvt_7b1919221e89d2aa5711e4deb935debd=1507781173',
  'referer' => 'http://127.0.0.1/sugoo/admin/public/index/logistics/index.html',
  'accept-encoding' => 'gzip, deflate',
  'accept-language' => 'zh-CN,zh;q=0.8,zh-TW;q=0.7,zh-HK;q=0.5,en-US;q=0.3,en;q=0.2',
  'accept' => '*/*',
  'user-agent' => 'Mozilla/5.0 (Windows NT 10.0; Win64; x64; rv:57.0) Gecko/20100101 Firefox/57.0',
  'host' => '127.0.0.1',
)
[ info ] [ PARAM ] array (
  'kindeditor' => 'kindeditor.js',
)
[ info ] [ LOG ] INIT File
---------------------------------------------------------------
[ 2018-01-05T18:42:41+08:00 ] 127.0.0.1 127.0.0.1 GET /sugoo/admin/public/index/logistics/js/kindeditor/lang/zh_CN.js
[ info ] 127.0.0.1/sugoo/admin/public/index/logistics/js/kindeditor/lang/zh_CN.js [运行时间：0.024452s][吞吐率：40.90req/s] [内存消耗：1,364.29kb] [文件加载：47]
[ info ] [ LANG ] D:\phpStudy\WWW\sugoo\admin\thinkphp\lang\zh-cn.php
[ info ] [ ROUTE ] array (
  'type' => 'module',
  'module' => 
  array (
    0 => 'index',
    1 => 'logistics',
    2 => 'js',
  ),
)
[ info ] [ HEADER ] array (
  'connection' => 'close',
  'cookie' => 'Hm_lvt_7b1919221e89d2aa5711e4deb935debd=1507781173',
  'referer' => 'http://127.0.0.1/sugoo/admin/public/index/logistics/index.html',
  'accept-encoding' => 'gzip, deflate',
  'accept-language' => 'zh-CN,zh;q=0.8,zh-TW;q=0.7,zh-HK;q=0.5,en-US;q=0.3,en;q=0.2',
  'accept' => '*/*',
  'user-agent' => 'Mozilla/5.0 (Windows NT 10.0; Win64; x64; rv:57.0) Gecko/20100101 Firefox/57.0',
  'host' => '127.0.0.1',
)
[ info ] [ PARAM ] array (
  'kindeditor' => 'lang',
)
[ info ] [ LOG ] INIT File
---------------------------------------------------------------
[ 2018-01-05T18:42:41+08:00 ] 127.0.0.1 127.0.0.1 GET /sugoo/admin/public/index/logistics/js/kindeditor/plugins/code/prettify.js
[ info ] 127.0.0.1/sugoo/admin/public/index/logistics/js/kindeditor/plugins/code/prettify.js [运行时间：0.026117s][吞吐率：38.29req/s] [内存消耗：1,364.58kb] [文件加载：47]
[ info ] [ LANG ] D:\phpStudy\WWW\sugoo\admin\thinkphp\lang\zh-cn.php
[ info ] [ ROUTE ] array (
  'type' => 'module',
  'module' => 
  array (
    0 => 'index',
    1 => 'logistics',
    2 => 'js',
  ),
)
[ info ] [ HEADER ] array (
  'connection' => 'close',
  'cookie' => 'Hm_lvt_7b1919221e89d2aa5711e4deb935debd=1507781173',
  'referer' => 'http://127.0.0.1/sugoo/admin/public/index/logistics/index.html',
  'accept-encoding' => 'gzip, deflate',
  'accept-language' => 'zh-CN,zh;q=0.8,zh-TW;q=0.7,zh-HK;q=0.5,en-US;q=0.3,en;q=0.2',
  'accept' => '*/*',
  'user-agent' => 'Mozilla/5.0 (Windows NT 10.0; Win64; x64; rv:57.0) Gecko/20100101 Firefox/57.0',
  'host' => '127.0.0.1',
)
[ info ] [ PARAM ] array (
  'kindeditor' => 'plugins',
  'code' => 'prettify.js',
)
[ info ] [ LOG ] INIT File
---------------------------------------------------------------
[ 2018-01-05T18:42:41+08:00 ] 127.0.0.1 127.0.0.1 GET /sugoo/admin/public/index/logistics/js/kindeditor/plugins/code/prettify.css
[ info ] 127.0.0.1/sugoo/admin/public/index/logistics/js/kindeditor/plugins/code/prettify.css [运行时间：0.107325s][吞吐率：9.32req/s] [内存消耗：1,364.70kb] [文件加载：47]
[ info ] [ LANG ] D:\phpStudy\WWW\sugoo\admin\thinkphp\lang\zh-cn.php
[ info ] [ ROUTE ] array (
  'type' => 'module',
  'module' => 
  array (
    0 => 'index',
    1 => 'logistics',
    2 => 'js',
  ),
)
[ info ] [ HEADER ] array (
  'connection' => 'close',
  'cookie' => 'Hm_lvt_7b1919221e89d2aa5711e4deb935debd=1507781173',
  'referer' => 'http://127.0.0.1/sugoo/admin/public/index/logistics/index.html',
  'accept-encoding' => 'gzip, deflate',
  'accept-language' => 'zh-CN,zh;q=0.8,zh-TW;q=0.7,zh-HK;q=0.5,en-US;q=0.3,en;q=0.2',
  'accept' => 'text/css,*/*;q=0.1',
  'user-agent' => 'Mozilla/5.0 (Windows NT 10.0; Win64; x64; rv:57.0) Gecko/20100101 Firefox/57.0',
  'host' => '127.0.0.1',
)
[ info ] [ PARAM ] array (
  'kindeditor' => 'plugins',
  'code' => 'prettify.css',
)
[ info ] [ LOG ] INIT File
---------------------------------------------------------------
[ 2018-01-05T18:42:41+08:00 ] 127.0.0.1 127.0.0.1 GET /sugoo/admin/public/index/logistics/images/icon_no.png
[ info ] 127.0.0.1/sugoo/admin/public/index/logistics/images/icon_no.png [运行时间：0.028086s][吞吐率：35.60req/s] [内存消耗：1,363.82kb] [文件加载：47]
[ info ] [ LANG ] D:\phpStudy\WWW\sugoo\admin\thinkphp\lang\zh-cn.php
[ info ] [ ROUTE ] array (
  'type' => 'module',
  'module' => 
  array (
    0 => 'index',
    1 => 'logistics',
    2 => 'images',
  ),
)
[ info ] [ HEADER ] array (
  'connection' => 'close',
  'cookie' => 'Hm_lvt_7b1919221e89d2aa5711e4deb935debd=1507781173',
  'referer' => 'http://127.0.0.1/sugoo/admin/public/index/logistics/index.html',
  'accept-encoding' => 'gzip, deflate',
  'accept-language' => 'zh-CN,zh;q=0.8,zh-TW;q=0.7,zh-HK;q=0.5,en-US;q=0.3,en;q=0.2',
  'accept' => '*/*',
  'user-agent' => 'Mozilla/5.0 (Windows NT 10.0; Win64; x64; rv:57.0) Gecko/20100101 Firefox/57.0',
  'host' => '127.0.0.1',
)
[ info ] [ PARAM ] array (
)
[ info ] [ LOG ] INIT File
