---------------------------------------------------------------
[ 2018-01-06T08:14:02+08:00 ] 127.0.0.1 127.0.0.1 GET /sugoo/admin/public/
[ info ] www.localhost.com/sugoo/admin/public/ [运行时间：3.823873s][吞吐率：0.26req/s] [内存消耗：1,384.61kb] [文件加载：46]
[ info ] [ LANG ] D:\phpStudy\WWW\sugoo\admin\thinkphp\lang\zh-cn.php
[ info ] [ ROUTE ] array (
  'type' => 'module',
  'module' => 
  array (
    0 => '',
    1 => NULL,
    2 => NULL,
  ),
)
[ info ] [ HEADER ] array (
  'upgrade-insecure-requests' => '1',
  'connection' => 'close',
  'cookie' => 'pgv_pvi=4597354496',
  'referer' => 'http://www.localhost.com/sugoo/admin/',
  'accept-encoding' => 'gzip, deflate',
  'accept-language' => 'zh-CN,zh;q=0.8,zh-TW;q=0.7,zh-HK;q=0.5,en-US;q=0.3,en;q=0.2',
  'accept' => 'text/html,application/xhtml+xml,application/xml;q=0.9,*/*;q=0.8',
  'user-agent' => 'Mozilla/5.0 (Windows NT 10.0; Win64; x64; rv:57.0) Gecko/20100101 Firefox/57.0',
  'host' => 'www.localhost.com',
)
[ info ] [ PARAM ] array (
)
[ info ] [ RUN ] app\index\controller\Index->index[ D:\phpStudy\WWW\sugoo\admin\application\index\controller\Index.php ]
[ info ] [ VIEW ] D:\phpStudy\WWW\sugoo\admin\public/../application/index\view\index\index.html [ array (
) ]
[ info ] [ LOG ] INIT File
---------------------------------------------------------------
[ 2018-01-06T08:14:11+08:00 ] 127.0.0.1 127.0.0.1 GET /sugoo/admin/public/index/order/index.html
[ info ] www.localhost.com/sugoo/admin/public/index/order/index.html [运行时间：0.100525s][吞吐率：9.95req/s] [内存消耗：1,388.36kb] [文件加载：46]
[ info ] [ LANG ] D:\phpStudy\WWW\sugoo\admin\thinkphp\lang\zh-cn.php
[ info ] [ ROUTE ] array (
  'type' => 'module',
  'module' => 
  array (
    0 => 'index',
    1 => 'order',
    2 => 'index',
  ),
)
[ info ] [ HEADER ] array (
  'upgrade-insecure-requests' => '1',
  'connection' => 'close',
  'cookie' => 'pgv_pvi=4597354496',
  'referer' => 'http://www.localhost.com/sugoo/admin/public/',
  'accept-encoding' => 'gzip, deflate',
  'accept-language' => 'zh-CN,zh;q=0.8,zh-TW;q=0.7,zh-HK;q=0.5,en-US;q=0.3,en;q=0.2',
  'accept' => 'text/html,application/xhtml+xml,application/xml;q=0.9,*/*;q=0.8',
  'user-agent' => 'Mozilla/5.0 (Windows NT 10.0; Win64; x64; rv:57.0) Gecko/20100101 Firefox/57.0',
  'host' => 'www.localhost.com',
)
[ info ] [ PARAM ] array (
)
[ info ] [ RUN ] app\index\controller\Order->index[ D:\phpStudy\WWW\sugoo\admin\application\index\controller\Order.php ]
[ info ] [ VIEW ] D:\phpStudy\WWW\sugoo\admin\public/../application/index\view\order\order.html [ array (
) ]
[ info ] [ LOG ] INIT File
