---------------------------------------------------------------
[ 2018-01-09T19:33:30+08:00 ] 127.0.0.1 127.0.0.1 GET /sugoo/admin/public/
[ info ] www.localhost.com/sugoo/admin/public/ [运行时间：0.623593s][吞吐率：1.60req/s] [内存消耗：1,386.88kb] [文件加载：46]
[ info ] [ LANG ] D:\phpStudy\WWW\sugoo\admin\thinkphp\lang\zh-cn.php
[ info ] [ ROUTE ] array (
  'type' => 'module',
  'module' => 
  array (
    0 => '',
    1 => NULL,
    2 => NULL,
  ),
)
[ info ] [ HEADER ] array (
  'upgrade-insecure-requests' => '1',
  'connection' => 'close',
  'cookie' => 'pgv_pvi=4597354496; XSRF-TOKEN=eyJpdiI6InNuWHpqRUVObWJJWGYzTTJnTlwvakxnPT0iLCJ2YWx1ZSI6IkZ0YkxtKzVydGRuRk9BeUtKZ3pKTXBMQXNJSlFJUlIrQmVaS1RMNDNlUW13cExNZ05HRklmdVFoMkNpcEtHZEFcL3E4WE1vVlRCUTJcL201RVBWV0dZNEE9PSIsIm1hYyI6IjE1YzZiMTAzNzcxYzAwYzU2YmIwNmYwN2FmNGFkY2QxMWFhZjYxNTUzMmFlNTAzMDU3Nzc3OWI3ZmUzNTc2MDAifQ%3D%3D; laravel_session=eyJpdiI6IlRBOTNcL3U5bE5rT2hrOHJkalcwd3p3PT0iLCJ2YWx1ZSI6ImtCcUFWcCttRjREUFkwcFZvTUNESGczVGRpclpEZTNFTHozRUNoTEx0S2hualdFWDRUeWs1Z21RZEV2YmxLVXJlNFlOM3JCVWVkMzQ1QXpqeWQzWXJBPT0iLCJtYWMiOiIxM2ViNDgxZmY2MjEyOTU5MjAwZTEwMDU3NTg3ZjQzMjU0ODI4MDFmZjMyODQyMDdkYzZiYzVlMTlmYmUyYjczIn0%3D',
  'referer' => 'http://www.localhost.com/sugoo/admin/',
  'accept-encoding' => 'gzip, deflate',
  'accept-language' => 'zh-CN,zh;q=0.8,zh-TW;q=0.7,zh-HK;q=0.5,en-US;q=0.3,en;q=0.2',
  'accept' => 'text/html,application/xhtml+xml,application/xml;q=0.9,*/*;q=0.8',
  'user-agent' => 'Mozilla/5.0 (Windows NT 10.0; Win64; x64; rv:57.0) Gecko/20100101 Firefox/57.0',
  'host' => 'www.localhost.com',
)
[ info ] [ PARAM ] array (
)
[ info ] [ RUN ] app\index\controller\Index->index[ D:\phpStudy\WWW\sugoo\admin\application\index\controller\Index.php ]
[ info ] [ VIEW ] D:\phpStudy\WWW\sugoo\admin\public/../application/index\view\index\index.html [ array (
) ]
[ info ] [ LOG ] INIT File
