---------------------------------------------------------------
[ 2018-01-10T19:59:03+08:00 ] ::1 ::1 GET /sugoo/admin/public/
[ info ] localhost/sugoo/admin/public/ [运行时间：0.172460s][吞吐率：5.80req/s] [内存消耗：1,386.80kb] [文件加载：46]
[ info ] [ LANG ] F:\phpstudy\WWW\sugoo\admin\thinkphp\lang\zh-cn.php
[ info ] [ ROUTE ] array (
  'type' => 'module',
  'module' => 
  array (
    0 => '',
    1 => NULL,
    2 => NULL,
  ),
)
[ info ] [ HEADER ] array (
  'cookie' => 'XSRF-TOKEN=eyJpdiI6Ikw1Y0RuK0VkZWJ0NDBzWVlyUkdYcWc9PSIsInZhbHVlIjoiU252NnBtUk50VDFjeEJqSFwvTlZxd2plSUs4MlU1Y1wvYVpVZEhuRlRtS3VPQ29NUVBhZ1l4amtRRmlheFM5S1FBN1ptSDZ0Y3QwTjltbTYyN0tZZk5cL0E9PSIsIm1hYyI6IjA1NmE3M2QxODZmZDQ1ZTAyMGI0Njg3MzhmODllMGU3YTM0YzRmY2VlZjkwYWI0NjQ2ODIyMDAxNTJkODk4OGUifQ%3D%3D; laravel_session=eyJpdiI6Im9NRmhNcjVcL2MwM3Nod1gyWW1HUkl3PT0iLCJ2YWx1ZSI6ImJVK0s0SnRhOFRcL29ZSHVYREV2NUhkZTNld3kyVVwvUVwvdHJ3ZnlIRGgzYUdYQkN5aWp5bTFQaWdFdDVkOWhlY3VNbVV4bFF0WHE3cTkwUmFJeVdpSzV3PT0iLCJtYWMiOiJiMTdlNjhjZTU5MjYzZGM4MWFmZDVlN2U5ZmMyZTkwZTc4OTY3ZTUwZTdkN2Y3NjUzYWUwZGE0OGUxYzIyNTY2In0%3D',
  'accept-language' => 'zh-CN,zh;q=0.8',
  'accept-encoding' => 'gzip, deflate, sdch',
  'referer' => 'http://localhost/sugoo/admin/',
  'user-agent' => 'Mozilla/5.0 (Windows NT 6.2; WOW64) AppleWebKit/537.36 (KHTML, like Gecko) Chrome/50.0.2657.3 Safari/537.36',
  'upgrade-insecure-requests' => '1',
  'accept' => 'text/html,application/xhtml+xml,application/xml;q=0.9,image/webp,*/*;q=0.8',
  'connection' => 'close',
  'host' => 'localhost',
)
[ info ] [ PARAM ] array (
)
[ info ] [ RUN ] app\index\controller\Index->index[ F:\phpstudy\WWW\sugoo\admin\application\index\controller\Index.php ]
[ info ] [ VIEW ] F:\phpstudy\WWW\sugoo\admin\public/../application/index\view\index\index.html [ array (
) ]
[ info ] [ LOG ] INIT File
---------------------------------------------------------------
[ 2018-01-10T20:01:12+08:00 ] 127.0.0.1 127.0.0.1 GET /admin/public/
[ info ] www.sugo.com/admin/public/ [运行时间：0.138523s][吞吐率：7.22req/s] [内存消耗：1,384.34kb] [文件加载：46]
[ info ] [ LANG ] F:\phpstudy\WWW\sugoo\admin\thinkphp\lang\zh-cn.php
[ info ] [ ROUTE ] array (
  'type' => 'module',
  'module' => 
  array (
    0 => '',
    1 => NULL,
    2 => NULL,
  ),
)
[ info ] [ HEADER ] array (
  'accept-language' => 'zh-CN,zh;q=0.8',
  'accept-encoding' => 'gzip, deflate, sdch',
  'referer' => 'http://www.sugo.com/admin/',
  'user-agent' => 'Mozilla/5.0 (Windows NT 6.2; WOW64) AppleWebKit/537.36 (KHTML, like Gecko) Chrome/50.0.2657.3 Safari/537.36',
  'upgrade-insecure-requests' => '1',
  'accept' => 'text/html,application/xhtml+xml,application/xml;q=0.9,image/webp,*/*;q=0.8',
  'connection' => 'close',
  'host' => 'www.sugo.com',
)
[ info ] [ PARAM ] array (
)
[ info ] [ RUN ] app\index\controller\Index->index[ F:\phpstudy\WWW\sugoo\admin\application\index\controller\Index.php ]
[ info ] [ VIEW ] F:\phpstudy\WWW\sugoo\admin\public/../application/index\view\index\index.html [ array (
) ]
[ info ] [ LOG ] INIT File
---------------------------------------------------------------
[ 2018-01-10T20:01:17+08:00 ] 127.0.0.1 127.0.0.1 GET /admin/public/index/trading/index.html
[ info ] www.sugo.com/admin/public/index/trading/index.html [运行时间：0.271675s][吞吐率：3.68req/s] [内存消耗：1,529.61kb] [文件加载：48]
[ info ] [ LANG ] F:\phpstudy\WWW\sugoo\admin\thinkphp\lang\zh-cn.php
[ info ] [ ROUTE ] array (
  'type' => 'module',
  'module' => 
  array (
    0 => 'index',
    1 => 'trading',
    2 => 'index',
  ),
)
[ info ] [ HEADER ] array (
  'accept-language' => 'zh-CN,zh;q=0.8',
  'accept-encoding' => 'gzip, deflate, sdch',
  'referer' => 'http://www.sugo.com/admin/public/',
  'user-agent' => 'Mozilla/5.0 (Windows NT 6.2; WOW64) AppleWebKit/537.36 (KHTML, like Gecko) Chrome/50.0.2657.3 Safari/537.36',
  'upgrade-insecure-requests' => '1',
  'accept' => 'text/html,application/xhtml+xml,application/xml;q=0.9,image/webp,*/*;q=0.8',
  'connection' => 'close',
  'host' => 'www.sugo.com',
)
[ info ] [ PARAM ] array (
)
[ info ] [ RUN ] app\index\controller\Trading->index[ F:\phpstudy\WWW\sugoo\admin\application\index\controller\Trading.php ]
[ info ] [ VIEW ] F:\phpstudy\WWW\sugoo\admin\public/../application/index\view\trading\trading.html [ array (
) ]
[ info ] [ LOG ] INIT File
---------------------------------------------------------------
[ 2018-01-10T20:01:23+08:00 ] 127.0.0.1 127.0.0.1 GET /admin/public/index/marketing/index.html
[ info ] www.sugo.com/admin/public/index/marketing/index.html [运行时间：0.105867s][吞吐率：9.45req/s] [内存消耗：1,388.20kb] [文件加载：46]
[ info ] [ LANG ] F:\phpstudy\WWW\sugoo\admin\thinkphp\lang\zh-cn.php
[ info ] [ ROUTE ] array (
  'type' => 'module',
  'module' => 
  array (
    0 => 'index',
    1 => 'marketing',
    2 => 'index',
  ),
)
[ info ] [ HEADER ] array (
  'accept-language' => 'zh-CN,zh;q=0.8',
  'accept-encoding' => 'gzip, deflate, sdch',
  'referer' => 'http://www.sugo.com/admin/public/index/trading/index.html',
  'user-agent' => 'Mozilla/5.0 (Windows NT 6.2; WOW64) AppleWebKit/537.36 (KHTML, like Gecko) Chrome/50.0.2657.3 Safari/537.36',
  'upgrade-insecure-requests' => '1',
  'accept' => 'text/html,application/xhtml+xml,application/xml;q=0.9,image/webp,*/*;q=0.8',
  'connection' => 'close',
  'host' => 'www.sugo.com',
)
[ info ] [ PARAM ] array (
)
[ info ] [ RUN ] app\index\controller\Marketing->index[ F:\phpstudy\WWW\sugoo\admin\application\index\controller\Marketing.php ]
[ info ] [ VIEW ] F:\phpstudy\WWW\sugoo\admin\public/../application/index\view\marketing\marketing.html [ array (
) ]
[ info ] [ LOG ] INIT File
---------------------------------------------------------------
[ 2018-01-10T20:01:26+08:00 ] 127.0.0.1 127.0.0.1 GET /admin/public/index/cupon/index.html
[ info ] www.sugo.com/admin/public/index/cupon/index.html [运行时间：0.602933s][吞吐率：1.66req/s] [内存消耗：2,263.17kb] [文件加载：55]
[ info ] [ LANG ] F:\phpstudy\WWW\sugoo\admin\thinkphp\lang\zh-cn.php
[ info ] [ ROUTE ] array (
  'type' => 'module',
  'module' => 
  array (
    0 => 'index',
    1 => 'cupon',
    2 => 'index',
  ),
)
[ info ] [ HEADER ] array (
  'accept-language' => 'zh-CN,zh;q=0.8',
  'accept-encoding' => 'gzip, deflate, sdch',
  'referer' => 'http://www.sugo.com/admin/public/index/marketing/index.html',
  'user-agent' => 'Mozilla/5.0 (Windows NT 6.2; WOW64) AppleWebKit/537.36 (KHTML, like Gecko) Chrome/50.0.2657.3 Safari/537.36',
  'upgrade-insecure-requests' => '1',
  'accept' => 'text/html,application/xhtml+xml,application/xml;q=0.9,image/webp,*/*;q=0.8',
  'connection' => 'close',
  'host' => 'www.sugo.com',
)
[ info ] [ PARAM ] array (
)
[ info ] [ RUN ] app\index\controller\Cupon->index[ F:\phpstudy\WWW\sugoo\admin\application\index\controller\Cupon.php ]
[ info ] [ DB ] INIT mysql
[ info ] [ VIEW ] F:\phpstudy\WWW\sugoo\admin\public/../application/index\view\cupon\cupon.html [ array (
  0 => 'page_info',
  1 => 'page_str',
) ]
[ info ] [ LOG ] INIT File
[ sql ] [ DB ] CONNECT:[ UseTime:0.176005s ] mysql:host=127.0.0.1;port=3306;dbname=shop_mall;charset=utf8
[ sql ] [ SQL ] SHOW COLUMNS FROM `su_cupon_batch` [ RunTime:0.148403s ]
[ sql ] [ SQL ] SELECT COUNT(*) AS tp_count FROM `su_cupon_batch` LIMIT 1 [ RunTime:0.072983s ]
[ sql ] [ SQL ] SELECT * FROM `su_cupon_batch` ORDER BY cu_id asc LIMIT 0,3 [ RunTime:0.029972s ]
